[2025-06-13 13:58:26,355] - HabitBot:40 - INFO - Пользователь вводит привычку!
[2025-06-13 13:58:26,355] - HabitBot:40 - INFO - Пользователь вводит привычку!
[2025-06-13 13:58:28,090] - HabitBot:26 - INFO - Пользователь отменил ввод привычки!
[2025-06-13 13:58:28,090] - HabitBot:26 - INFO - Пользователь отменил ввод привычки!
[2025-06-13 13:58:28,241] - HabitBot:31 - DEBUG - Сообщение должно быть удалено!
[2025-06-13 13:58:28,241] - HabitBot:31 - DEBUG - Сообщение должно быть удалено!
[2025-06-13 13:59:03,189] - habits.py:40 - INFO - Пользователь вводит привычку!
[2025-06-13 13:59:03,189] - habits.py:40 - INFO - Пользователь вводит привычку!
[2025-06-13 13:59:07,706] - habits.py:26 - INFO - Пользователь отменил ввод привычки!
[2025-06-13 13:59:07,706] - habits.py:26 - INFO - Пользователь отменил ввод привычки!
[2025-06-13 13:59:07,880] - habits.py:31 - DEBUG - Сообщение должно быть удалено!
[2025-06-13 13:59:07,880] - habits.py:31 - DEBUG - Сообщение должно быть удалено!
[2025-06-13 13:59:11,200] - inline.py:31 - INFO - Удаление привычек
[2025-06-13 13:59:11,200] - inline.py:31 - INFO - Удаление привычек
[2025-06-13 13:59:11,200] - inline.py:37 - INFO - Клавиатура для удаление привычек построена
[2025-06-13 13:59:11,200] - inline.py:37 - INFO - Клавиатура для удаление привычек построена
[2025-06-13 13:59:16,429] - habits.py:26 - INFO - Пользователь отменил ввод привычки!
[2025-06-13 13:59:16,429] - habits.py:26 - INFO - Пользователь отменил ввод привычки!
[2025-06-13 13:59:16,601] - habits.py:31 - DEBUG - Сообщение должно быть удалено!
[2025-06-13 13:59:16,601] - habits.py:31 - DEBUG - Сообщение должно быть удалено!
[2025-06-13 14:01:19,432] - habits.py:41 - INFO - Пользователь вводит привычку!
[2025-06-13 14:01:19,432] - habits.py:41 - INFO - Пользователь вводит привычку!
[2025-06-13 14:01:32,965] - habits.py:49 - INFO - Пользователь ввел название привычки!
[2025-06-13 14:01:32,965] - habits.py:49 - INFO - Пользователь ввел название привычки!
[2025-06-13 14:01:32,965] - habits.py:50 - INFO - Пользователь вводит количество повторений
[2025-06-13 14:01:32,965] - habits.py:50 - INFO - Пользователь вводит количество повторений
[2025-06-13 14:01:38,549] - habits.py:72 - ERROR - Плохое число выбрал пользователь!
Traceback (most recent call last):
  File "C:\Users\Алексей\PycharmProjects\Bot\bot\handlers\habits.py", line 57, in times_add_habit
    if int(text) <= 0:
       ^^^^^^^^^
ValueError: invalid literal for int() with base 10: 'xD'
[2025-06-13 14:01:38,549] - habits.py:72 - ERROR - Плохое число выбрал пользователь!
Traceback (most recent call last):
  File "C:\Users\Алексей\PycharmProjects\Bot\bot\handlers\habits.py", line 57, in times_add_habit
    if int(text) <= 0:
       ^^^^^^^^^
ValueError: invalid literal for int() with base 10: 'xD'
[2025-06-13 14:01:40,167] - habits.py:26 - INFO - Пользователь отменил ввод привычки!
[2025-06-13 14:01:40,167] - habits.py:26 - INFO - Пользователь отменил ввод привычки!
[2025-06-13 14:01:40,432] - habits.py:31 - DEBUG - Сообщение должно быть удалено!
[2025-06-13 14:01:40,432] - habits.py:31 - DEBUG - Сообщение должно быть удалено!
[2025-06-13 15:48:36,153] - habits.py:41 - INFO - Пользователь вводит привычку!
[2025-06-13 15:48:36,153] - habits.py:41 - INFO - Пользователь вводит привычку!
[2025-06-13 15:48:45,657] - habits.py:49 - INFO - Пользователь ввел название привычки!
[2025-06-13 15:48:45,657] - habits.py:49 - INFO - Пользователь ввел название привычки!
[2025-06-13 15:48:45,657] - habits.py:50 - INFO - Пользователь вводит количество повторений
[2025-06-13 15:48:45,657] - habits.py:50 - INFO - Пользователь вводит количество повторений
[2025-06-13 15:49:46,910] - habits.py:41 - INFO - Пользователь вводит привычку!
[2025-06-13 15:49:46,910] - habits.py:41 - INFO - Пользователь вводит привычку!
[2025-06-13 15:49:49,238] - habits.py:49 - INFO - Пользователь ввел название привычки!
[2025-06-13 15:49:49,238] - habits.py:49 - INFO - Пользователь ввел название привычки!
[2025-06-13 15:49:49,238] - habits.py:50 - INFO - Пользователь вводит количество повторений
[2025-06-13 15:49:49,238] - habits.py:50 - INFO - Пользователь вводит количество повторений
[2025-06-13 15:53:09,571] - habits.py:41 - INFO - Пользователь вводит привычку!
[2025-06-13 15:53:09,571] - habits.py:41 - INFO - Пользователь вводит привычку!
[2025-06-13 15:53:11,399] - habits.py:49 - INFO - Пользователь ввел название привычки!
[2025-06-13 15:53:11,399] - habits.py:49 - INFO - Пользователь ввел название привычки!
[2025-06-13 15:53:11,400] - habits.py:50 - INFO - Пользователь вводит количество повторений
[2025-06-13 15:53:11,400] - habits.py:50 - INFO - Пользователь вводит количество повторений
[2025-06-13 15:55:10,914] - habits.py:41 - INFO - Пользователь вводит привычку!
[2025-06-13 15:55:10,914] - habits.py:41 - INFO - Пользователь вводит привычку!
[2025-06-13 15:55:14,621] - habits.py:49 - INFO - Пользователь ввел название привычки!
[2025-06-13 15:55:14,621] - habits.py:49 - INFO - Пользователь ввел название привычки!
[2025-06-13 15:55:14,621] - habits.py:50 - INFO - Пользователь вводит количество повторений
[2025-06-13 15:55:14,621] - habits.py:50 - INFO - Пользователь вводит количество повторений
[2025-06-13 15:57:32,797] - habits.py:41 - INFO - Пользователь вводит привычку!
[2025-06-13 15:57:32,797] - habits.py:41 - INFO - Пользователь вводит привычку!
[2025-06-13 15:57:34,879] - habits.py:49 - INFO - Пользователь ввел название привычки!
[2025-06-13 15:57:34,879] - habits.py:49 - INFO - Пользователь ввел название привычки!
[2025-06-13 15:57:34,879] - habits.py:50 - INFO - Пользователь вводит количество повторений
[2025-06-13 15:57:34,879] - habits.py:50 - INFO - Пользователь вводит количество повторений
[2025-06-13 15:57:56,825] - habits.py:41 - INFO - Пользователь вводит привычку!
[2025-06-13 15:57:56,825] - habits.py:41 - INFO - Пользователь вводит привычку!
[2025-06-13 15:58:00,098] - habits.py:49 - INFO - Пользователь ввел название привычки!
[2025-06-13 15:58:00,098] - habits.py:49 - INFO - Пользователь ввел название привычки!
[2025-06-13 15:58:00,098] - habits.py:50 - INFO - Пользователь вводит количество повторений
[2025-06-13 15:58:00,098] - habits.py:50 - INFO - Пользователь вводит количество повторений
[2025-06-13 16:00:10,138] - habits.py:41 - INFO - Пользователь вводит привычку!
[2025-06-13 16:00:10,138] - habits.py:41 - INFO - Пользователь вводит привычку!
[2025-06-13 16:00:13,710] - habits.py:49 - INFO - Пользователь ввел название привычки!
[2025-06-13 16:00:13,710] - habits.py:49 - INFO - Пользователь ввел название привычки!
[2025-06-13 16:00:13,710] - habits.py:50 - INFO - Пользователь вводит количество повторений
[2025-06-13 16:00:13,710] - habits.py:50 - INFO - Пользователь вводит количество повторений
[2025-06-13 16:00:15,281] - habits.py:66 - INFO - Пользователь ввел привычку!
[2025-06-13 16:00:15,281] - habits.py:66 - INFO - Пользователь ввел привычку!
[2025-06-13 16:01:45,744] - habits.py:41 - INFO - Пользователь вводит привычку!
[2025-06-13 16:01:45,744] - habits.py:41 - INFO - Пользователь вводит привычку!
[2025-06-13 16:01:48,224] - habits.py:49 - INFO - Пользователь ввел название привычки!
[2025-06-13 16:01:48,224] - habits.py:49 - INFO - Пользователь ввел название привычки!
[2025-06-13 16:01:48,224] - habits.py:50 - INFO - Пользователь вводит количество повторений
[2025-06-13 16:01:48,224] - habits.py:50 - INFO - Пользователь вводит количество повторений
[2025-06-13 16:02:38,649] - habits.py:41 - INFO - Пользователь вводит привычку!
[2025-06-13 16:02:38,649] - habits.py:41 - INFO - Пользователь вводит привычку!
[2025-06-13 16:02:41,219] - habits.py:49 - INFO - Пользователь ввел название привычки!
[2025-06-13 16:02:41,219] - habits.py:49 - INFO - Пользователь ввел название привычки!
[2025-06-13 16:02:41,219] - habits.py:50 - INFO - Пользователь вводит количество повторений
[2025-06-13 16:02:41,219] - habits.py:50 - INFO - Пользователь вводит количество повторений
[2025-06-13 16:02:41,636] - database.py:25 - DEBUG - Connection state: True
[2025-06-13 16:02:41,636] - database.py:25 - DEBUG - Connection state: True
[2025-06-13 16:09:03,099] - habits.py:41 - INFO - Пользователь вводит привычку!
[2025-06-13 16:09:03,099] - habits.py:41 - INFO - Пользователь вводит привычку!
[2025-06-13 16:09:06,457] - habits.py:26 - INFO - Пользователь отменил ввод привычки!
[2025-06-13 16:09:06,457] - habits.py:26 - INFO - Пользователь отменил ввод привычки!
[2025-06-13 16:09:06,615] - habits.py:31 - DEBUG - Сообщение должно быть удалено!
[2025-06-13 16:09:06,615] - habits.py:31 - DEBUG - Сообщение должно быть удалено!
[2025-06-13 16:09:09,379] - database.py:32 - ERROR - Error adding user: UNIQUE constraint failed: users.telegram_id
[2025-06-13 16:09:09,379] - database.py:32 - ERROR - Error adding user: UNIQUE constraint failed: users.telegram_id
[2025-06-13 16:09:12,639] - habits.py:41 - INFO - Пользователь вводит привычку!
[2025-06-13 16:09:12,639] - habits.py:41 - INFO - Пользователь вводит привычку!
[2025-06-13 16:09:14,671] - habits.py:49 - INFO - Пользователь ввел название привычки!
[2025-06-13 16:09:14,671] - habits.py:49 - INFO - Пользователь ввел название привычки!
[2025-06-13 16:09:14,671] - habits.py:50 - INFO - Пользователь вводит количество повторений
[2025-06-13 16:09:14,671] - habits.py:50 - INFO - Пользователь вводит количество повторений
[2025-06-13 16:09:15,193] - database.py:48 - DEBUG - Habit added for 582690569
[2025-06-13 16:09:15,193] - database.py:48 - DEBUG - Habit added for 582690569
[2025-06-13 16:09:15,195] - habits.py:66 - INFO - Пользователь ввел привычку!
[2025-06-13 16:09:15,195] - habits.py:66 - INFO - Пользователь ввел привычку!
[2025-06-13 16:13:37,901] - database.py:34 - ERROR - Error adding user: UNIQUE constraint failed: users.telegram_id
[2025-06-13 16:13:40,932] - habits.py:44 - INFO - Пользователь вводит привычку!
[2025-06-13 16:13:46,834] - habits.py:44 - INFO - Пользователь вводит привычку!
[2025-06-13 16:13:50,065] - habits.py:44 - INFO - Пользователь вводит привычку!
[2025-06-13 16:13:51,716] - inline.py:40 - INFO - Удаление привычек
[2025-06-13 16:13:51,716] - inline.py:48 - INFO - Клавиатура для удаление привычек построена
[2025-06-13 16:13:54,983] - habits.py:87 - INFO - ['Зарядка', 'Зарядка']
[2025-06-13 16:13:58,762] - inline.py:40 - INFO - Удаление привычек
[2025-06-13 16:13:58,762] - inline.py:48 - INFO - Клавиатура для удаление привычек построена
[2025-06-13 16:15:57,233] - database.py:34 - ERROR - Error adding user: UNIQUE constraint failed: users.telegram_id
[2025-06-13 16:17:39,886] - database.py:34 - ERROR - Error adding user: UNIQUE constraint failed: users.telegram_id
[2025-06-13 16:19:13,582] - database.py:34 - ERROR - Error adding user: UNIQUE constraint failed: users.telegram_id
[2025-06-13 16:19:15,124] - habits.py:45 - INFO - Пользователь вводит привычку!
[2025-06-13 16:19:31,046] - habits.py:54 - INFO - Пользователь ввел название привычки!
[2025-06-13 16:19:31,047] - habits.py:55 - INFO - Пользователь вводит количество повторений
[2025-06-13 16:19:33,061] - database.py:50 - DEBUG - Habit added for 582690569
[2025-06-13 16:19:33,063] - habits.py:71 - INFO - Пользователь ввел привычку!
[2025-06-13 16:19:42,450] - database.py:34 - ERROR - Error adding user: UNIQUE constraint failed: users.telegram_id
[2025-06-13 16:19:44,638] - inline.py:40 - INFO - Удаление привычек
[2025-06-13 16:19:44,638] - inline.py:48 - INFO - Клавиатура для удаление привычек построена
[2025-06-13 16:19:47,430] - habits.py:112 - INFO - Удаление привычки
[2025-06-13 16:19:47,430] - habits.py:115 - INFO - Зарядка
[2025-06-13 16:19:47,430] - habits.py:117 - INFO - Операция определена
[2025-06-13 16:19:47,430] - habits.py:120 - INFO - 582690569: Зарядка
[2025-06-13 16:19:47,432] - database.py:100 - INFO - Starting delete for 582690569:Зарядка
[2025-06-13 16:19:47,436] - database.py:109 - INFO - Successfully deleted Зарядка for 582690569
[2025-06-13 16:19:47,438] - habits.py:122 - INFO - Пользователь удалил привычку!
[2025-06-13 16:19:53,932] - inline.py:40 - INFO - Удаление привычек
[2025-06-13 16:19:53,932] - inline.py:48 - INFO - Клавиатура для удаление привычек построена
[2025-06-13 16:20:22,307] - habits.py:29 - INFO - Пользователь отменил ввод привычки!
[2025-06-13 16:20:22,449] - habits.py:34 - DEBUG - Сообщение должно быть удалено!
[2025-06-13 16:20:47,777] - habits.py:105 - DEBUG - []
[2025-06-13 16:20:47,777] - inline.py:40 - INFO - Удаление привычек
[2025-06-13 16:20:47,777] - inline.py:48 - INFO - Клавиатура для удаление привычек построена
[2025-06-13 16:21:53,738] - database.py:62 - INFO - Getting habits...
[2025-06-13 16:21:53,739] - database.py:70 - INFO - Got habits...
[2025-06-13 16:21:53,739] - habits.py:105 - DEBUG - []
[2025-06-13 16:21:53,739] - inline.py:40 - INFO - Удаление привычек
[2025-06-13 16:21:53,739] - inline.py:48 - INFO - Клавиатура для удаление привычек построена
[2025-06-13 16:22:05,523] - habits.py:29 - INFO - Пользователь отменил ввод привычки!
[2025-06-13 16:22:05,804] - habits.py:34 - DEBUG - Сообщение должно быть удалено!
[2025-06-13 16:22:21,244] - habits.py:29 - INFO - Пользователь отменил ввод привычки!
[2025-06-13 16:22:21,439] - habits.py:34 - DEBUG - Сообщение должно быть удалено!
[2025-06-13 16:22:24,485] - database.py:62 - INFO - Getting habits...
[2025-06-13 16:22:24,486] - database.py:70 - INFO - Got habits...
[2025-06-13 16:22:26,246] - habits.py:45 - INFO - Пользователь вводит привычку!
[2025-06-13 16:22:27,340] - habits.py:29 - INFO - Пользователь отменил ввод привычки!
[2025-06-13 16:22:27,485] - habits.py:34 - DEBUG - Сообщение должно быть удалено!
[2025-06-13 16:44:08,322] - database.py:34 - ERROR - Error adding user: UNIQUE constraint failed: users.telegram_id
[2025-06-13 16:44:09,972] - habits.py:45 - INFO - Пользователь вводит привычку!
[2025-06-13 16:44:11,424] - habits.py:30 - INFO - Пользователь отменил ввод привычки!
[2025-06-13 16:44:11,594] - habits.py:36 - DEBUG - Сообщение должно быть удалено!
[2025-06-13 16:44:16,471] - habits.py:45 - INFO - Пользователь вводит привычку!
[2025-06-13 16:44:20,063] - habits.py:30 - INFO - Пользователь отменил ввод привычки!
[2025-06-13 16:44:20,231] - habits.py:36 - DEBUG - Сообщение должно быть удалено!
[2025-06-13 16:44:23,119] - habits.py:45 - INFO - Пользователь вводит привычку!
[2025-06-13 16:44:25,989] - habits.py:54 - INFO - Пользователь ввел название привычки!
[2025-06-13 16:44:25,989] - habits.py:55 - INFO - Пользователь вводит количество повторений
[2025-06-13 16:44:26,657] - database.py:50 - DEBUG - Habit added for 582690569
[2025-06-13 16:44:26,658] - habits.py:71 - INFO - Пользователь ввел привычку!
[2025-06-13 16:46:25,754] - database.py:34 - ERROR - Error adding user: UNIQUE constraint failed: users.telegram_id
[2025-06-13 16:46:27,231] - habits.py:45 - INFO - Пользователь вводит привычку!
[2025-06-13 16:46:29,471] - habits.py:54 - INFO - Пользователь ввел название привычки!
[2025-06-13 16:46:29,471] - habits.py:55 - INFO - Пользователь вводит количество повторений
[2025-06-13 16:46:30,064] - database.py:50 - DEBUG - Habit added for 582690569
[2025-06-13 16:46:30,065] - habits.py:71 - INFO - Пользователь ввел привычку!
[2025-06-13 16:46:32,190] - database.py:62 - INFO - Getting habits...
[2025-06-13 16:46:32,190] - database.py:70 - INFO - Got habits...
[2025-06-13 16:46:32,191] - habits.py:100 - DEBUG - [(582690569, 'Зарядка', 1), (582690569, 'Зарядка', 2)]
[2025-06-13 16:47:12,263] - database.py:34 - ERROR - Error adding user: UNIQUE constraint failed: users.telegram_id
[2025-06-13 16:47:55,124] - database.py:34 - ERROR - Error adding user: UNIQUE constraint failed: users.telegram_id
[2025-06-13 16:48:14,079] - database.py:34 - ERROR - Error adding user: UNIQUE constraint failed: users.telegram_id
[2025-06-13 16:48:25,108] - database.py:34 - ERROR - Error adding user: UNIQUE constraint failed: users.telegram_id
[2025-06-13 16:49:30,102] - database.py:34 - ERROR - Error adding user: UNIQUE constraint failed: users.telegram_id
[2025-06-13 16:49:31,549] - database.py:62 - INFO - Getting habits...
[2025-06-13 16:49:31,550] - database.py:70 - INFO - Got habits...
[2025-06-13 16:49:31,551] - habits.py:100 - DEBUG - [(582690569, 'Зарядка', 1), (582690569, 'Зарядка', 2)]
[2025-06-13 16:49:31,551] - inline.py:40 - INFO - Удаление привычек
[2025-06-13 16:49:31,551] - inline.py:48 - INFO - Клавиатура для удаление привычек построена
[2025-06-13 16:49:33,018] - habits.py:107 - INFO - Удаление привычки
[2025-06-13 16:49:33,018] - habits.py:110 - INFO - Зарядка
[2025-06-13 16:49:33,018] - habits.py:112 - INFO - Операция определена
[2025-06-13 16:49:33,018] - habits.py:115 - INFO - 582690569: Зарядка
[2025-06-13 16:49:33,019] - database.py:102 - INFO - Starting delete for 582690569:Зарядка
[2025-06-13 16:49:33,022] - database.py:111 - INFO - Successfully deleted Зарядка for 582690569
[2025-06-13 16:49:33,024] - habits.py:117 - INFO - Пользователь удалил привычку!
[2025-06-13 16:50:58,675] - database.py:34 - ERROR - Error adding user: UNIQUE constraint failed: users.telegram_id
[2025-06-13 16:51:00,915] - database.py:62 - INFO - Getting habits...
[2025-06-13 16:51:00,915] - database.py:70 - INFO - Got habits...
[2025-06-13 16:51:03,151] - habits.py:45 - INFO - Пользователь вводит привычку!
[2025-06-13 16:53:13,324] - habits.py:30 - INFO - Пользователь отменил ввод привычки!
[2025-06-13 16:53:13,485] - habits.py:36 - DEBUG - Сообщение должно быть удалено!
[2025-06-13 16:53:16,675] - database.py:62 - INFO - Getting habits...
[2025-06-13 16:53:16,676] - database.py:70 - INFO - Got habits...
[2025-06-13 16:53:18,597] - database.py:62 - INFO - Getting habits...
[2025-06-13 16:53:18,597] - database.py:70 - INFO - Got habits...
[2025-06-13 16:53:18,598] - habits.py:100 - DEBUG - []
[2025-06-13 16:53:18,598] - inline.py:40 - INFO - Удаление привычек
[2025-06-13 16:53:18,598] - inline.py:48 - INFO - Клавиатура для удаление привычек построена
[2025-06-13 16:53:20,566] - habits.py:30 - INFO - Пользователь отменил ввод привычки!
[2025-06-13 16:53:20,719] - habits.py:36 - DEBUG - Сообщение должно быть удалено!
[2025-06-13 16:53:22,494] - habits.py:45 - INFO - Пользователь вводит привычку!
[2025-06-13 16:53:24,275] - habits.py:30 - INFO - Пользователь отменил ввод привычки!
[2025-06-13 16:53:24,450] - habits.py:36 - DEBUG - Сообщение должно быть удалено!
[2025-06-13 16:53:25,457] - database.py:62 - INFO - Getting habits...
[2025-06-13 16:53:25,457] - database.py:70 - INFO - Got habits...
[2025-06-13 16:53:27,781] - habits.py:45 - INFO - Пользователь вводит привычку!
[2025-06-13 16:54:21,614] - database.py:34 - ERROR - Error adding user: UNIQUE constraint failed: users.telegram_id
[2025-06-13 16:54:23,380] - habits.py:46 - INFO - Пользователь вводит привычку!
[2025-06-13 16:55:23,185] - database.py:34 - ERROR - Error adding user: UNIQUE constraint failed: users.telegram_id
[2025-06-13 16:55:25,067] - habits.py:46 - INFO - Пользователь вводит привычку!
[2025-06-13 16:55:26,305] - habits.py:30 - INFO - Пользователь отменил ввод привычки!
[2025-06-13 16:55:26,475] - habits.py:36 - DEBUG - Сообщение должно быть удалено!
[2025-06-13 16:55:27,757] - database.py:62 - INFO - Getting habits...
[2025-06-13 16:55:27,757] - database.py:70 - INFO - Got habits...
[2025-06-13 16:55:27,758] - habits.py:103 - DEBUG - []
[2025-06-13 16:55:27,758] - inline.py:40 - INFO - Удаление привычек
[2025-06-13 16:55:27,758] - inline.py:48 - INFO - Клавиатура для удаление привычек построена
[2025-06-13 16:55:28,891] - habits.py:30 - INFO - Пользователь отменил ввод привычки!
[2025-06-13 16:55:29,071] - habits.py:36 - DEBUG - Сообщение должно быть удалено!
[2025-06-13 16:55:30,157] - database.py:62 - INFO - Getting habits...
[2025-06-13 16:55:30,157] - database.py:70 - INFO - Got habits...
[2025-06-13 16:55:31,711] - database.py:62 - INFO - Getting habits...
[2025-06-13 16:55:31,711] - database.py:70 - INFO - Got habits...
[2025-06-13 16:56:01,764] - habits.py:46 - INFO - Пользователь вводит привычку!
[2025-06-13 16:56:03,113] - habits.py:30 - INFO - Пользователь отменил ввод привычки!
[2025-06-13 16:56:03,265] - habits.py:36 - DEBUG - Сообщение должно быть удалено!
[2025-06-13 16:56:03,796] - database.py:62 - INFO - Getting habits...
[2025-06-13 16:56:03,796] - database.py:70 - INFO - Got habits...
[2025-06-13 16:56:05,284] - database.py:62 - INFO - Getting habits...
[2025-06-13 16:56:05,287] - database.py:70 - INFO - Got habits...
[2025-06-13 16:56:18,323] - habits.py:46 - INFO - Пользователь вводит привычку!
[2025-06-13 16:56:19,623] - habits.py:30 - INFO - Пользователь отменил ввод привычки!
[2025-06-13 16:56:19,845] - habits.py:36 - DEBUG - Сообщение должно быть удалено!
[2025-06-13 16:56:20,657] - database.py:62 - INFO - Getting habits...
[2025-06-13 16:56:20,657] - database.py:70 - INFO - Got habits...
[2025-06-13 16:56:20,658] - habits.py:103 - DEBUG - []
[2025-06-13 16:56:20,658] - inline.py:40 - INFO - Удаление привычек
[2025-06-13 16:56:20,658] - inline.py:48 - INFO - Клавиатура для удаление привычек построена
[2025-06-13 16:56:21,532] - habits.py:30 - INFO - Пользователь отменил ввод привычки!
[2025-06-13 16:56:21,705] - habits.py:36 - DEBUG - Сообщение должно быть удалено!
[2025-06-13 16:56:24,965] - database.py:62 - INFO - Getting habits...
[2025-06-13 16:56:24,966] - database.py:70 - INFO - Got habits...
[2025-06-13 16:56:27,106] - habits.py:46 - INFO - Пользователь вводит привычку!
[2025-06-13 16:56:30,944] - habits.py:56 - INFO - Пользователь ввел название привычки!
[2025-06-13 16:56:30,944] - habits.py:57 - INFO - Пользователь вводит количество повторений
[2025-06-13 16:56:32,654] - database.py:50 - DEBUG - Habit added for 582690569
[2025-06-13 16:56:32,655] - habits.py:73 - INFO - Пользователь ввел привычку!
[2025-06-13 16:56:39,671] - habits.py:30 - INFO - Пользователь отменил ввод привычки!
[2025-06-13 16:56:39,875] - habits.py:36 - DEBUG - Сообщение должно быть удалено!
[2025-06-13 16:56:41,850] - habits.py:30 - INFO - Пользователь отменил ввод привычки!
[2025-06-13 16:56:42,064] - habits.py:36 - DEBUG - Сообщение должно быть удалено!
[2025-06-13 16:56:48,835] - database.py:62 - INFO - Getting habits...
[2025-06-13 16:56:48,835] - database.py:70 - INFO - Got habits...
[2025-06-13 16:56:48,836] - habits.py:92 - INFO - ['Lulz']
[2025-06-13 16:56:52,840] - database.py:62 - INFO - Getting habits...
[2025-06-13 16:56:52,840] - database.py:70 - INFO - Got habits...
[2025-06-13 16:56:52,841] - habits.py:103 - DEBUG - [(582690569, 'Lulz', 2)]
[2025-06-13 16:56:52,841] - inline.py:40 - INFO - Удаление привычек
[2025-06-13 16:56:52,841] - inline.py:48 - INFO - Клавиатура для удаление привычек построена
[2025-06-13 16:56:54,096] - habits.py:111 - INFO - Удаление привычки
[2025-06-13 16:56:54,096] - habits.py:114 - INFO - Lulz
[2025-06-13 16:56:54,096] - habits.py:116 - INFO - Операция определена
[2025-06-13 16:56:54,096] - habits.py:119 - INFO - 582690569: Lulz
[2025-06-13 16:56:54,098] - database.py:102 - INFO - Starting delete for 582690569:Lulz
[2025-06-13 16:56:54,104] - database.py:111 - INFO - Successfully deleted Lulz for 582690569
[2025-06-13 16:56:54,106] - habits.py:121 - INFO - Пользователь удалил привычку!
[2025-06-13 16:59:57,672] - database.py:34 - ERROR - Error adding user: UNIQUE constraint failed: users.telegram_id
[2025-06-13 16:59:57,688] - database.py:34 - ERROR - Error adding user: UNIQUE constraint failed: users.telegram_id
[2025-06-13 17:00:02,807] - base.py:28 - INFO - ОН ПОПРОСИЛ ПОМОЩИ!!
[2025-06-13 17:02:16,562] - database.py:34 - ERROR - Error adding user: UNIQUE constraint failed: users.telegram_id
[2025-06-13 17:02:18,485] - base.py:29 - INFO - ОН ПОПРОСИЛ ПОМОЩИ!!
[2025-06-13 17:02:18,907] - base.py:35 - ERROR - https://images.dog.ceo/breeds/tervuren/yoda_in_garden.jpg
[2025-06-13 17:02:43,385] - database.py:34 - ERROR - Error adding user: UNIQUE constraint failed: users.telegram_id
[2025-06-13 17:02:44,940] - base.py:29 - INFO - ОН ПОПРОСИЛ ПОМОЩИ!!
[2025-06-13 17:03:01,507] - database.py:34 - ERROR - Error adding user: UNIQUE constraint failed: users.telegram_id
[2025-06-13 17:03:03,367] - base.py:29 - INFO - ОН ПОПРОСИЛ ПОМОЩИ!!
[2025-06-13 17:03:08,836] - database.py:62 - INFO - Getting habits...
[2025-06-13 17:03:08,836] - database.py:70 - INFO - Got habits...
[2025-06-13 17:03:16,723] - habits.py:46 - INFO - Пользователь вводит привычку!
[2025-06-13 17:03:21,345] - habits.py:56 - INFO - Пользователь ввел название привычки!
[2025-06-13 17:03:21,345] - habits.py:57 - INFO - Пользователь вводит количество повторений
[2025-06-13 17:03:22,457] - database.py:50 - DEBUG - Habit added for 582690569
[2025-06-13 17:03:22,458] - habits.py:73 - INFO - Пользователь ввел привычку!
[2025-06-13 17:03:25,140] - base.py:29 - INFO - ОН ПОПРОСИЛ ПОМОЩИ!!
[2025-06-13 17:03:27,277] - database.py:62 - INFO - Getting habits...
[2025-06-13 17:03:27,278] - database.py:70 - INFO - Got habits...
[2025-06-13 17:03:27,278] - habits.py:103 - DEBUG - [(582690569, 'xF', 1)]
[2025-06-13 17:03:27,278] - inline.py:42 - INFO - Удаление привычек
[2025-06-13 17:03:27,278] - inline.py:50 - INFO - Клавиатура для удаление привычек построена
[2025-06-13 17:03:28,537] - habits.py:111 - INFO - Удаление привычки
[2025-06-13 17:03:28,537] - habits.py:114 - INFO - xF
[2025-06-13 17:03:28,537] - habits.py:116 - INFO - Операция определена
[2025-06-13 17:03:28,537] - habits.py:119 - INFO - 582690569: xF
[2025-06-13 17:03:28,539] - database.py:102 - INFO - Starting delete for 582690569:xF
[2025-06-13 17:03:28,545] - database.py:111 - INFO - Successfully deleted xF for 582690569
[2025-06-13 17:03:28,546] - habits.py:121 - INFO - Пользователь удалил привычку!
[2025-06-13 17:04:03,023] - database.py:34 - ERROR - Error adding user: UNIQUE constraint failed: users.telegram_id
[2025-06-13 17:04:05,022] - base.py:34 - INFO - ОН ПОПРОСИЛ ПОМОЩИ!!
[2025-06-13 17:04:19,069] - database.py:34 - ERROR - Error adding user: UNIQUE constraint failed: users.telegram_id
[2025-06-13 17:04:21,177] - base.py:34 - INFO - ОН ПОПРОСИЛ ПОМОЩИ!!
[2025-06-13 17:04:51,258] - database.py:62 - INFO - Getting habits...
[2025-06-13 17:04:51,258] - database.py:70 - INFO - Got habits...
[2025-06-13 17:04:52,994] - database.py:62 - INFO - Getting habits...
[2025-06-13 17:04:52,994] - database.py:70 - INFO - Got habits...
[2025-06-13 17:04:52,996] - habits.py:103 - DEBUG - []
[2025-06-13 17:04:52,996] - inline.py:42 - INFO - Удаление привычек
[2025-06-13 17:04:52,996] - inline.py:50 - INFO - Клавиатура для удаление привычек построена
[2025-06-13 17:04:54,603] - habits.py:30 - INFO - Пользователь отменил ввод привычки!
[2025-06-13 17:04:54,771] - habits.py:36 - DEBUG - Сообщение должно быть удалено!
[2025-06-13 17:04:55,822] - habits.py:46 - INFO - Пользователь вводит привычку!
[2025-06-13 17:04:59,530] - habits.py:56 - INFO - Пользователь ввел название привычки!
[2025-06-13 17:04:59,530] - habits.py:57 - INFO - Пользователь вводит количество повторений
[2025-06-13 17:05:00,009] - database.py:50 - DEBUG - Habit added for 582690569
[2025-06-13 17:05:00,011] - habits.py:73 - INFO - Пользователь ввел привычку!
[2025-06-13 17:05:02,080] - database.py:62 - INFO - Getting habits...
[2025-06-13 17:05:02,080] - database.py:70 - INFO - Got habits...
[2025-06-13 17:05:02,081] - habits.py:92 - INFO - ['Зарядка']
[2025-06-13 17:15:02,081] - base.py:34 - INFO - ОН ПОПРОСИЛ ПОМОЩИ!!
[2025-06-13 17:15:04,963] - database.py:62 - INFO - Getting habits...
[2025-06-13 17:15:04,963] - database.py:70 - INFO - Got habits...
[2025-06-13 17:15:04,963] - habits.py:92 - INFO - ['Зарядка']
[2025-06-13 17:15:06,464] - database.py:62 - INFO - Getting habits...
[2025-06-13 17:15:06,464] - database.py:70 - INFO - Got habits...
[2025-06-13 17:15:06,465] - habits.py:103 - DEBUG - [(582690569, 'Зарядка', 1)]
[2025-06-13 17:15:06,465] - inline.py:42 - INFO - Удаление привычек
[2025-06-13 17:15:06,466] - inline.py:50 - INFO - Клавиатура для удаление привычек построена
[2025-06-13 17:15:07,533] - habits.py:111 - INFO - Удаление привычки
[2025-06-13 17:15:07,533] - habits.py:114 - INFO - Зарядка
[2025-06-13 17:15:07,533] - habits.py:116 - INFO - Операция определена
[2025-06-13 17:15:07,533] - habits.py:119 - INFO - 582690569: Зарядка
[2025-06-13 17:15:07,535] - database.py:102 - INFO - Starting delete for 582690569:Зарядка
[2025-06-13 17:15:07,541] - database.py:111 - INFO - Successfully deleted Зарядка for 582690569
[2025-06-13 17:15:07,542] - habits.py:121 - INFO - Пользователь удалил привычку!
[2025-06-13 17:15:08,957] - habits.py:46 - INFO - Пользователь вводит привычку!
[2025-06-13 17:15:17,575] - habits.py:56 - INFO - Пользователь ввел название привычки!
[2025-06-13 17:15:17,575] - habits.py:57 - INFO - Пользователь вводит количество повторений
[2025-06-13 17:15:26,474] - database.py:50 - DEBUG - Habit added for 582690569
[2025-06-13 17:15:26,476] - habits.py:73 - INFO - Пользователь ввел привычку!
[2025-06-13 17:15:27,848] - database.py:62 - INFO - Getting habits...
[2025-06-13 17:15:27,848] - database.py:70 - INFO - Got habits...
[2025-06-13 17:15:27,849] - habits.py:92 - INFO - ['Не страдать фигнёй']
[2025-06-13 17:15:28,799] - database.py:62 - INFO - Getting habits...
[2025-06-13 17:15:28,799] - database.py:70 - INFO - Got habits...
[2025-06-13 17:15:28,800] - habits.py:103 - DEBUG - [(582690569, 'Не страдать фигнёй', 2)]
[2025-06-13 17:15:28,800] - inline.py:42 - INFO - Удаление привычек
[2025-06-13 17:15:28,801] - inline.py:50 - INFO - Клавиатура для удаление привычек построена
[2025-06-13 17:15:29,971] - habits.py:111 - INFO - Удаление привычки
[2025-06-13 17:15:29,971] - habits.py:114 - INFO - Не страдать фигнёй
[2025-06-13 17:15:29,971] - habits.py:116 - INFO - Операция определена
[2025-06-13 17:15:29,971] - habits.py:119 - INFO - 582690569: Не страдать фигнёй
[2025-06-13 17:15:29,973] - database.py:102 - INFO - Starting delete for 582690569:Не страдать фигнёй
[2025-06-13 17:15:29,979] - database.py:111 - INFO - Successfully deleted Не страдать фигнёй for 582690569
[2025-06-13 17:15:29,980] - habits.py:121 - INFO - Пользователь удалил привычку!
